# JRE version: OpenJDK Runtime Environment (15.0.2+7) (build 15.0.2+7)
# Java VM: OpenJDK 64-Bit Server VM (15.0.2+7, mixed mode, tiered, compressed oops, g1 gc, linux-amd64)
GC Precious Log:
 CPUs: 2 total, 2 available
 Memory: 15821M
 Large Page Support: Disabled
 NUMA Support: Disabled
 Compressed Oops: Enabled (32-bit)
 Heap Region Size: 1M
 Heap Min Capacity: 64M
 Heap Initial Capacity: 64M
 Heap Max Capacity: 1G
 Pre-touch: Disabled
 Parallel Workers: 2
 Concurrent Workers: 1
 Concurrent Refinement Workers: 2
 Periodic GC: Disabled
Heap:
 garbage-first heap   total 65536K, used 20302K [0x00000000c0000000, 0x0000000100000000)
  region size 1024K, 18 young (18432K), 2 survivors (2048K)
 Metaspace       used 15772K, capacity 16183K, committed 16512K, reserved 1064960K
  class space    used 1440K, capacity 1537K, committed 1664K, reserved 1048576K
GC Heap History (6 events):
Event: 0,384 GC heap before
{Heap before GC invocations=0 (full 0):
 garbage-first heap   total 65536K, used 6144K [0x00000000c0000000, 0x0000000100000000)
  region size 1024K, 6 young (6144K), 0 survivors (0K)
 Metaspace       used 10234K, capacity 10356K, committed 10752K, reserved 1058816K
  class space    used 891K, capacity 916K, committed 1024K, reserved 1048576K
}
Event: 0,400 GC heap after
{Heap after GC invocations=1 (full 0):
 garbage-first heap   total 65536K, used 2412K [0x00000000c0000000, 0x0000000100000000)
  region size 1024K, 1 young (1024K), 1 survivors (1024K)
 Metaspace       used 10234K, capacity 10356K, committed 10752K, reserved 1058816K
  class space    used 891K, capacity 916K, committed 1024K, reserved 1048576K
}
Event: 0,481 GC heap before
{Heap before GC invocations=1 (full 0):
 garbage-first heap   total 65536K, used 5484K [0x00000000c0000000, 0x0000000100000000)
  region size 1024K, 5 young (5120K), 1 survivors (1024K)
 Metaspace       used 10955K, capacity 11110K, committed 11264K, reserved 1058816K
  class space    used 970K, capacity 1021K, committed 1024K, reserved 1048576K
}
Event: 0,486 GC heap after
{Heap after GC invocations=2 (full 0):
 garbage-first heap   total 65536K, used 3401K [0x00000000c0000000, 0x0000000100000000)
  region size 1024K, 1 young (1024K), 1 survivors (1024K)
 Metaspace       used 10955K, capacity 11110K, committed 11264K, reserved 1058816K
  class space    used 970K, capacity 1021K, committed 1024K, reserved 1048576K
}
Event: 0,670 GC heap before
{Heap before GC invocations=2 (full 0):
 garbage-first heap   total 65536K, used 10569K [0x00000000c0000000, 0x0000000100000000)
  region size 1024K, 9 young (9216K), 1 survivors (1024K)
 Metaspace       used 12904K, capacity 13086K, committed 13312K, reserved 1060864K
  class space    used 1151K, capacity 1187K, committed 1280K, reserved 1048576K
}
Event: 0,675 GC heap after
{Heap after GC invocations=3 (full 0):
 garbage-first heap   total 65536K, used 4942K [0x00000000c0000000, 0x0000000100000000)
  region size 1024K, 2 young (2048K), 2 survivors (2048K)
 Metaspace       used 12904K, capacity 13086K, committed 13312K, reserved 1060864K
  class space    used 1151K, capacity 1187K, committed 1280K, reserved 1048576K
}

